Using 1 threads...
Starting...
Generating F
Generating H
Convolving F and H using global G
Done convolving F and H
Total time: 53.937611 (sec)

Convolving F and H using local G
Done convolving F and H
Total time: 51.181805 (sec)


297.000, 297.000, 330.000, 330.000, 363.000, 363.000, 396.000, 396.000, 429.000, 429.000, 
297.000, 297.000, 330.000, 330.000, 363.000, 363.000, 396.000, 396.000, 429.000, 429.000, 
297.000, 297.000, 330.000, 330.000, 363.000, 363.000, 396.000, 396.000, 429.000, 429.000, 
297.000, 297.000, 330.000, 330.000, 363.000, 363.000, 396.000, 396.000, 429.000, 429.000, 
297.000, 297.000, 330.000, 330.000, 363.000, 363.000, 396.000, 396.000, 429.000, 429.000, 
297.000, 297.000, 330.000, 330.000, 363.000, 363.000, 396.000, 396.000, 429.000, 429.000, 
297.000, 297.000, 330.000, 330.000, 363.000, 363.000, 396.000, 396.000, 429.000, 429.000, 
297.000, 297.000, 330.000, 330.000, 363.000, 363.000, 396.000, 396.000, 429.000, 429.000, 
297.000, 297.000, 330.000, 330.000, 363.000, 363.000, 396.000, 396.000, 429.000, 429.000, 

297.000, 297.000, 330.000, 330.000, 363.000, 363.000, 396.000, 396.000, 429.000, 429.000, 
297.000, 297.000, 330.000, 330.000, 363.000, 363.000, 396.000, 396.000, 429.000, 429.000, 
297.000, 297.000, 330.000, 330.000, 363.000, 363.000, 396.000, 396.000, 429.000, 429.000, 
297.000, 297.000, 330.000, 330.000, 363.000, 363.000, 396.000, 396.000, 429.000, 429.000, 
297.000, 297.000, 330.000, 330.000, 363.000, 363.000, 396.000, 396.000, 429.000, 429.000, 
297.000, 297.000, 330.000, 330.000, 363.000, 363.000, 396.000, 396.000, 429.000, 429.000, 
297.000, 297.000, 330.000, 330.000, 363.000, 363.000, 396.000, 396.000, 429.000, 429.000, 
297.000, 297.000, 330.000, 330.000, 363.000, 363.000, 396.000, 396.000, 429.000, 429.000, 
297.000, 297.000, 330.000, 330.000, 363.000, 363.000, 396.000, 396.000, 429.000, 429.000, 


Using 2 threads...
Starting...
Generating F
Generating H
Convolving F and H using global G
Done convolving F and H
Total time: 27.173901 (sec)

Convolving F and H using local G
Done convolving F and H
Total time: 25.647775 (sec)


297.000, 297.000, 330.000, 330.000, 363.000, 363.000, 396.000, 396.000, 429.000, 429.000, 
297.000, 297.000, 330.000, 330.000, 363.000, 363.000, 396.000, 396.000, 429.000, 429.000, 
297.000, 297.000, 330.000, 330.000, 363.000, 363.000, 396.000, 396.000, 429.000, 429.000, 
297.000, 297.000, 330.000, 330.000, 363.000, 363.000, 396.000, 396.000, 429.000, 429.000, 
297.000, 297.000, 330.000, 330.000, 363.000, 363.000, 396.000, 396.000, 429.000, 429.000, 
297.000, 297.000, 330.000, 330.000, 363.000, 363.000, 396.000, 396.000, 429.000, 429.000, 
297.000, 297.000, 330.000, 330.000, 363.000, 363.000, 396.000, 396.000, 429.000, 429.000, 
297.000, 297.000, 330.000, 330.000, 363.000, 363.000, 396.000, 396.000, 429.000, 429.000, 
297.000, 297.000, 330.000, 330.000, 363.000, 363.000, 396.000, 396.000, 429.000, 429.000, 

297.000, 297.000, 330.000, 330.000, 363.000, 363.000, 396.000, 396.000, 429.000, 429.000, 
297.000, 297.000, 330.000, 330.000, 363.000, 363.000, 396.000, 396.000, 429.000, 429.000, 
297.000, 297.000, 330.000, 330.000, 363.000, 363.000, 396.000, 396.000, 429.000, 429.000, 
297.000, 297.000, 330.000, 330.000, 363.000, 363.000, 396.000, 396.000, 429.000, 429.000, 
297.000, 297.000, 330.000, 330.000, 363.000, 363.000, 396.000, 396.000, 429.000, 429.000, 
297.000, 297.000, 330.000, 330.000, 363.000, 363.000, 396.000, 396.000, 429.000, 429.000, 
297.000, 297.000, 330.000, 330.000, 363.000, 363.000, 396.000, 396.000, 429.000, 429.000, 
297.000, 297.000, 330.000, 330.000, 363.000, 363.000, 396.000, 396.000, 429.000, 429.000, 
297.000, 297.000, 330.000, 330.000, 363.000, 363.000, 396.000, 396.000, 429.000, 429.000, 


Using 4 threads...
Starting...
Generating F
Generating H
Convolving F and H using global G
Done convolving F and H
Total time: 14.168980 (sec)

Convolving F and H using local G
Done convolving F and H
Total time: 13.588216 (sec)


297.000, 297.000, 330.000, 330.000, 363.000, 363.000, 396.000, 396.000, 429.000, 429.000, 
297.000, 297.000, 330.000, 330.000, 363.000, 363.000, 396.000, 396.000, 429.000, 429.000, 
297.000, 297.000, 330.000, 330.000, 363.000, 363.000, 396.000, 396.000, 429.000, 429.000, 
297.000, 297.000, 330.000, 330.000, 363.000, 363.000, 396.000, 396.000, 429.000, 429.000, 
297.000, 297.000, 330.000, 330.000, 363.000, 363.000, 396.000, 396.000, 429.000, 429.000, 
297.000, 297.000, 330.000, 330.000, 363.000, 363.000, 396.000, 396.000, 429.000, 429.000, 
297.000, 297.000, 330.000, 330.000, 363.000, 363.000, 396.000, 396.000, 429.000, 429.000, 
297.000, 297.000, 330.000, 330.000, 363.000, 363.000, 396.000, 396.000, 429.000, 429.000, 
297.000, 297.000, 330.000, 330.000, 363.000, 363.000, 396.000, 396.000, 429.000, 429.000, 

297.000, 297.000, 330.000, 330.000, 363.000, 363.000, 396.000, 396.000, 429.000, 429.000, 
297.000, 297.000, 330.000, 330.000, 363.000, 363.000, 396.000, 396.000, 429.000, 429.000, 
297.000, 297.000, 330.000, 330.000, 363.000, 363.000, 396.000, 396.000, 429.000, 429.000, 
297.000, 297.000, 330.000, 330.000, 363.000, 363.000, 396.000, 396.000, 429.000, 429.000, 
297.000, 297.000, 330.000, 330.000, 363.000, 363.000, 396.000, 396.000, 429.000, 429.000, 
297.000, 297.000, 330.000, 330.000, 363.000, 363.000, 396.000, 396.000, 429.000, 429.000, 
297.000, 297.000, 330.000, 330.000, 363.000, 363.000, 396.000, 396.000, 429.000, 429.000, 
297.000, 297.000, 330.000, 330.000, 363.000, 363.000, 396.000, 396.000, 429.000, 429.000, 
297.000, 297.000, 330.000, 330.000, 363.000, 363.000, 396.000, 396.000, 429.000, 429.000, 


Using 8 threads...
Starting...
Generating F
Generating H
Convolving F and H using global G
Done convolving F and H
Total time: 7.489687 (sec)

Convolving F and H using local G
Done convolving F and H
Total time: 7.033773 (sec)


297.000, 297.000, 330.000, 330.000, 363.000, 363.000, 396.000, 396.000, 429.000, 429.000, 
297.000, 297.000, 330.000, 330.000, 363.000, 363.000, 396.000, 396.000, 429.000, 429.000, 
297.000, 297.000, 330.000, 330.000, 363.000, 363.000, 396.000, 396.000, 429.000, 429.000, 
297.000, 297.000, 330.000, 330.000, 363.000, 363.000, 396.000, 396.000, 429.000, 429.000, 
297.000, 297.000, 330.000, 330.000, 363.000, 363.000, 396.000, 396.000, 429.000, 429.000, 
297.000, 297.000, 330.000, 330.000, 363.000, 363.000, 396.000, 396.000, 429.000, 429.000, 
297.000, 297.000, 330.000, 330.000, 363.000, 363.000, 396.000, 396.000, 429.000, 429.000, 
297.000, 297.000, 330.000, 330.000, 363.000, 363.000, 396.000, 396.000, 429.000, 429.000, 
297.000, 297.000, 330.000, 330.000, 363.000, 363.000, 396.000, 396.000, 429.000, 429.000, 

297.000, 297.000, 330.000, 330.000, 363.000, 363.000, 396.000, 396.000, 429.000, 429.000, 
297.000, 297.000, 330.000, 330.000, 363.000, 363.000, 396.000, 396.000, 429.000, 429.000, 
297.000, 297.000, 330.000, 330.000, 363.000, 363.000, 396.000, 396.000, 429.000, 429.000, 
297.000, 297.000, 330.000, 330.000, 363.000, 363.000, 396.000, 396.000, 429.000, 429.000, 
297.000, 297.000, 330.000, 330.000, 363.000, 363.000, 396.000, 396.000, 429.000, 429.000, 
297.000, 297.000, 330.000, 330.000, 363.000, 363.000, 396.000, 396.000, 429.000, 429.000, 
297.000, 297.000, 330.000, 330.000, 363.000, 363.000, 396.000, 396.000, 429.000, 429.000, 
297.000, 297.000, 330.000, 330.000, 363.000, 363.000, 396.000, 396.000, 429.000, 429.000, 
297.000, 297.000, 330.000, 330.000, 363.000, 363.000, 396.000, 396.000, 429.000, 429.000, 


Using 12 threads...
Starting...
Generating F
Generating H
Convolving F and H using global G
Done convolving F and H
Total time: 5.043741 (sec)

Convolving F and H using local G
Done convolving F and H
Total time: 4.797228 (sec)


297.000, 297.000, 330.000, 330.000, 363.000, 363.000, 396.000, 396.000, 429.000, 429.000, 
297.000, 297.000, 330.000, 330.000, 363.000, 363.000, 396.000, 396.000, 429.000, 429.000, 
297.000, 297.000, 330.000, 330.000, 363.000, 363.000, 396.000, 396.000, 429.000, 429.000, 
297.000, 297.000, 330.000, 330.000, 363.000, 363.000, 396.000, 396.000, 429.000, 429.000, 
297.000, 297.000, 330.000, 330.000, 363.000, 363.000, 396.000, 396.000, 429.000, 429.000, 
297.000, 297.000, 330.000, 330.000, 363.000, 363.000, 396.000, 396.000, 429.000, 429.000, 
297.000, 297.000, 330.000, 330.000, 363.000, 363.000, 396.000, 396.000, 429.000, 429.000, 
297.000, 297.000, 330.000, 330.000, 363.000, 363.000, 396.000, 396.000, 429.000, 429.000, 
297.000, 297.000, 330.000, 330.000, 363.000, 363.000, 396.000, 396.000, 429.000, 429.000, 

297.000, 297.000, 330.000, 330.000, 363.000, 363.000, 396.000, 396.000, 429.000, 429.000, 
297.000, 297.000, 330.000, 330.000, 363.000, 363.000, 396.000, 396.000, 429.000, 429.000, 
297.000, 297.000, 330.000, 330.000, 363.000, 363.000, 396.000, 396.000, 429.000, 429.000, 
297.000, 297.000, 330.000, 330.000, 363.000, 363.000, 396.000, 396.000, 429.000, 429.000, 
297.000, 297.000, 330.000, 330.000, 363.000, 363.000, 396.000, 396.000, 429.000, 429.000, 
297.000, 297.000, 330.000, 330.000, 363.000, 363.000, 396.000, 396.000, 429.000, 429.000, 
297.000, 297.000, 330.000, 330.000, 363.000, 363.000, 396.000, 396.000, 429.000, 429.000, 
297.000, 297.000, 330.000, 330.000, 363.000, 363.000, 396.000, 396.000, 429.000, 429.000, 
297.000, 297.000, 330.000, 330.000, 363.000, 363.000, 396.000, 396.000, 429.000, 429.000, 


